<?xml version="1.0" encoding="utf-8"?>
<TestRun id="79538fe3-ead4-4647-adb3-1fd0c3c0051d" name="khale@KHALEFA 2026-06-08 20:39:44" runUser="KHALEFA\khale" xmlns="http://microsoft.com/schemas/VisualStudio/TeamTest/2010">
  <Times creation="2026-06-08T20:39:44.9012401+03:00" queuing="2026-06-08T20:39:44.9012408+03:00" start="2026-06-08T20:32:14.3583935+03:00" finish="2026-06-08T20:39:44.9034722+03:00" />
  <TestSettings name="default" id="608c3023-d5fb-4765-b9c0-fcd7954a50a5">
    <Deployment runDeploymentRoot="khale_KHALEFA_2026-06-08_20_39_44" />
  </TestSettings>
  <TestLists>
    <TestList name="Results Not in a List" id="8c84fa94-04c1-424b-9868-57a2d4851a1d" />
    <TestList name="All Loaded Results" id="19431567-8539-422a-85d7-44ee4e166bda" />
  </TestLists>
  <ResultSummary outcome="Failed">
    <Counters total="0" executed="0" passed="0" failed="0" error="0" timeout="0" aborted="0" inconclusive="0" passedButRunAborted="0" notRunnable="0" notExecuted="0" disconnected="0" warning="0" completed="0" inProgress="0" pending="0" />
    <Output>
      <StdOut>Waiting for debugger attach...&#xD;
Process Id: 21972, Name: testhost&#xD;
</StdOut>
    </Output>
    <RunInfos>
      <RunInfo computerName="KHALEFA" outcome="Error" timestamp="2026-06-08T20:39:44.6764884+03:00">
        <Text>vstest.console process failed to connect to testhost process after 450 seconds. This may occur due to machine slowness, please set environment variable VSTEST_CONNECTION_TIMEOUT to increase timeout. The process with id 21972 was still running when this message was reported.</Text>
      </RunInfo>
    </RunInfos>
  </ResultSummary>
</TestRun>